<?xml version="1.0" encoding="UTF-8"?>
<!-- Generated by org.testng.reporters.JUnitReportReporter -->
<testsuite hostname="DESKTOP-9FLN0R0" failures="0" tests="1" name="testpackage.FirstTestClass" time="0.001" errors="0" timestamp="22 Dec 2017 07:27:57 GMT" skipped="0">
  <testcase classname="testpackage.FirstTestClass" name="testlogin" time="0.001"/>
</testsuite> <!-- testpackage.FirstTestClass -->
